<?xml version="1.0" encoding="UTF-8"?>
<testsuite xmlns:xsi="http://www.w3.org/2001/XMLSchema-instance" xsi:noNamespaceSchemaLocation="https://maven.apache.org/surefire/maven-surefire-plugin/xsd/surefire-test-report.xsd" version="3.0.2" name="ecommerce.project.EcommerceApplicationTests" time="4.264" tests="1" errors="0" skipped="0" failures="0">
  <properties>
    <property name="java.specification.version" value="21"/>
    <property name="sun.jnu.encoding" value="UTF-8"/>
    <property name="java.class.path" value="/Users/thuong/Documents/NEW PROJECT/SolarTP/backend-java/target/test-classes:/Users/thuong/Documents/NEW PROJECT/SolarTP/backend-java/target/classes:/Users/thuong/.m2/repository/org/springframework/boot/spring-boot-starter-data-jpa/3.4.3/spring-boot-starter-data-jpa-3.4.3.jar:/Users/thuong/.m2/repository/org/springframework/boot/spring-boot-starter/3.4.3/spring-boot-starter-3.4.3.jar:/Users/thuong/.m2/repository/org/springframework/boot/spring-boot/3.4.3/spring-boot-3.4.3.jar:/Users/thuong/.m2/repository/org/springframework/boot/spring-boot-autoconfigure/3.4.3/spring-boot-autoconfigure-3.4.3.jar:/Users/thuong/.m2/repository/org/springframework/boot/spring-boot-starter-logging/3.4.3/spring-boot-starter-logging-3.4.3.jar:/Users/thuong/.m2/repository/ch/qos/logback/logback-classic/1.5.16/logback-classic-1.5.16.jar:/Users/thuong/.m2/repository/ch/qos/logback/logback-core/1.5.16/logback-core-1.5.16.jar:/Users/thuong/.m2/repository/org/apache/logging/log4j/log4j-to-slf4j/2.24.3/log4j-to-slf4j-2.24.3.jar:/Users/thuong/.m2/repository/org/apache/logging/log4j/log4j-api/2.24.3/log4j-api-2.24.3.jar:/Users/thuong/.m2/repository/org/slf4j/jul-to-slf4j/2.0.16/jul-to-slf4j-2.0.16.jar:/Users/thuong/.m2/repository/jakarta/annotation/jakarta.annotation-api/2.1.1/jakarta.annotation-api-2.1.1.jar:/Users/thuong/.m2/repository/org/yaml/snakeyaml/2.3/snakeyaml-2.3.jar:/Users/thuong/.m2/repository/org/springframework/boot/spring-boot-starter-jdbc/3.4.3/spring-boot-starter-jdbc-3.4.3.jar:/Users/thuong/.m2/repository/com/zaxxer/HikariCP/5.1.0/HikariCP-5.1.0.jar:/Users/thuong/.m2/repository/org/springframework/spring-jdbc/6.2.3/spring-jdbc-6.2.3.jar:/Users/thuong/.m2/repository/org/hibernate/orm/hibernate-core/6.6.8.Final/hibernate-core-6.6.8.Final.jar:/Users/thuong/.m2/repository/jakarta/persistence/jakarta.persistence-api/3.1.0/jakarta.persistence-api-3.1.0.jar:/Users/thuong/.m2/repository/jakarta/transaction/jakarta.transaction-api/2.0.1/jakarta.transaction-api-2.0.1.jar:/Users/thuong/.m2/repository/org/jboss/logging/jboss-logging/3.6.1.Final/jboss-logging-3.6.1.Final.jar:/Users/thuong/.m2/repository/org/hibernate/common/hibernate-commons-annotations/7.0.3.Final/hibernate-commons-annotations-7.0.3.Final.jar:/Users/thuong/.m2/repository/io/smallrye/jandex/3.2.0/jandex-3.2.0.jar:/Users/thuong/.m2/repository/com/fasterxml/classmate/1.7.0/classmate-1.7.0.jar:/Users/thuong/.m2/repository/net/bytebuddy/byte-buddy/1.15.11/byte-buddy-1.15.11.jar:/Users/thuong/.m2/repository/org/glassfish/jaxb/jaxb-runtime/4.0.5/jaxb-runtime-4.0.5.jar:/Users/thuong/.m2/repository/org/glassfish/jaxb/jaxb-core/4.0.5/jaxb-core-4.0.5.jar:/Users/thuong/.m2/repository/org/glassfish/jaxb/txw2/4.0.5/txw2-4.0.5.jar:/Users/thuong/.m2/repository/com/sun/istack/istack-commons-runtime/4.1.2/istack-commons-runtime-4.1.2.jar:/Users/thuong/.m2/repository/jakarta/inject/jakarta.inject-api/2.0.1/jakarta.inject-api-2.0.1.jar:/Users/thuong/.m2/repository/org/antlr/antlr4-runtime/4.13.0/antlr4-runtime-4.13.0.jar:/Users/thuong/.m2/repository/org/springframework/data/spring-data-jpa/3.4.3/spring-data-jpa-3.4.3.jar:/Users/thuong/.m2/repository/org/springframework/data/spring-data-commons/3.4.3/spring-data-commons-3.4.3.jar:/Users/thuong/.m2/repository/org/springframework/spring-orm/6.2.3/spring-orm-6.2.3.jar:/Users/thuong/.m2/repository/org/springframework/spring-tx/6.2.3/spring-tx-6.2.3.jar:/Users/thuong/.m2/repository/org/slf4j/slf4j-api/2.0.16/slf4j-api-2.0.16.jar:/Users/thuong/.m2/repository/org/springframework/spring-aspects/6.2.3/spring-aspects-6.2.3.jar:/Users/thuong/.m2/repository/org/aspectj/aspectjweaver/1.9.22.1/aspectjweaver-1.9.22.1.jar:/Users/thuong/.m2/repository/org/springframework/boot/spring-boot-starter-security/3.4.3/spring-boot-starter-security-3.4.3.jar:/Users/thuong/.m2/repository/org/springframework/spring-aop/6.2.3/spring-aop-6.2.3.jar:/Users/thuong/.m2/repository/org/springframework/security/spring-security-config/6.4.3/spring-security-config-6.4.3.jar:/Users/thuong/.m2/repository/org/springframework/security/spring-security-web/6.4.3/spring-security-web-6.4.3.jar:/Users/thuong/.m2/repository/org/springframework/boot/spring-boot-starter-web/3.4.3/spring-boot-starter-web-3.4.3.jar:/Users/thuong/.m2/repository/org/springframework/boot/spring-boot-starter-json/3.4.3/spring-boot-starter-json-3.4.3.jar:/Users/thuong/.m2/repository/com/fasterxml/jackson/datatype/jackson-datatype-jdk8/2.18.2/jackson-datatype-jdk8-2.18.2.jar:/Users/thuong/.m2/repository/com/fasterxml/jackson/datatype/jackson-datatype-jsr310/2.18.2/jackson-datatype-jsr310-2.18.2.jar:/Users/thuong/.m2/repository/com/fasterxml/jackson/module/jackson-module-parameter-names/2.18.2/jackson-module-parameter-names-2.18.2.jar:/Users/thuong/.m2/repository/org/springframework/boot/spring-boot-starter-tomcat/3.4.3/spring-boot-starter-tomcat-3.4.3.jar:/Users/thuong/.m2/repository/org/apache/tomcat/embed/tomcat-embed-core/10.1.36/tomcat-embed-core-10.1.36.jar:/Users/thuong/.m2/repository/org/apache/tomcat/embed/tomcat-embed-el/10.1.36/tomcat-embed-el-10.1.36.jar:/Users/thuong/.m2/repository/org/apache/tomcat/embed/tomcat-embed-websocket/10.1.36/tomcat-embed-websocket-10.1.36.jar:/Users/thuong/.m2/repository/org/springframework/spring-web/6.2.3/spring-web-6.2.3.jar:/Users/thuong/.m2/repository/org/springframework/spring-webmvc/6.2.3/spring-webmvc-6.2.3.jar:/Users/thuong/.m2/repository/com/mysql/mysql-connector-j/9.1.0/mysql-connector-j-9.1.0.jar:/Users/thuong/.m2/repository/org/projectlombok/lombok/1.18.36/lombok-1.18.36.jar:/Users/thuong/.m2/repository/org/springframework/boot/spring-boot-starter-test/3.4.3/spring-boot-starter-test-3.4.3.jar:/Users/thuong/.m2/repository/org/springframework/boot/spring-boot-test/3.4.3/spring-boot-test-3.4.3.jar:/Users/thuong/.m2/repository/org/springframework/boot/spring-boot-test-autoconfigure/3.4.3/spring-boot-test-autoconfigure-3.4.3.jar:/Users/thuong/.m2/repository/com/jayway/jsonpath/json-path/2.9.0/json-path-2.9.0.jar:/Users/thuong/.m2/repository/jakarta/xml/bind/jakarta.xml.bind-api/4.0.2/jakarta.xml.bind-api-4.0.2.jar:/Users/thuong/.m2/repository/jakarta/activation/jakarta.activation-api/2.1.3/jakarta.activation-api-2.1.3.jar:/Users/thuong/.m2/repository/net/minidev/json-smart/2.5.2/json-smart-2.5.2.jar:/Users/thuong/.m2/repository/net/minidev/accessors-smart/2.5.2/accessors-smart-2.5.2.jar:/Users/thuong/.m2/repository/org/ow2/asm/asm/9.7.1/asm-9.7.1.jar:/Users/thuong/.m2/repository/org/assertj/assertj-core/3.26.3/assertj-core-3.26.3.jar:/Users/thuong/.m2/repository/org/awaitility/awaitility/4.2.2/awaitility-4.2.2.jar:/Users/thuong/.m2/repository/org/hamcrest/hamcrest/2.2/hamcrest-2.2.jar:/Users/thuong/.m2/repository/org/junit/jupiter/junit-jupiter/5.11.4/junit-jupiter-5.11.4.jar:/Users/thuong/.m2/repository/org/junit/jupiter/junit-jupiter-api/5.11.4/junit-jupiter-api-5.11.4.jar:/Users/thuong/.m2/repository/org/opentest4j/opentest4j/1.3.0/opentest4j-1.3.0.jar:/Users/thuong/.m2/repository/org/junit/platform/junit-platform-commons/1.11.4/junit-platform-commons-1.11.4.jar:/Users/thuong/.m2/repository/org/apiguardian/apiguardian-api/1.1.2/apiguardian-api-1.1.2.jar:/Users/thuong/.m2/repository/org/junit/jupiter/junit-jupiter-params/5.11.4/junit-jupiter-params-5.11.4.jar:/Users/thuong/.m2/repository/org/junit/jupiter/junit-jupiter-engine/5.11.4/junit-jupiter-engine-5.11.4.jar:/Users/thuong/.m2/repository/org/junit/platform/junit-platform-engine/1.11.4/junit-platform-engine-1.11.4.jar:/Users/thuong/.m2/repository/org/mockito/mockito-core/5.14.2/mockito-core-5.14.2.jar:/Users/thuong/.m2/repository/net/bytebuddy/byte-buddy-agent/1.15.11/byte-buddy-agent-1.15.11.jar:/Users/thuong/.m2/repository/org/objenesis/objenesis/3.3/objenesis-3.3.jar:/Users/thuong/.m2/repository/org/mockito/mockito-junit-jupiter/5.14.2/mockito-junit-jupiter-5.14.2.jar:/Users/thuong/.m2/repository/org/skyscreamer/jsonassert/1.5.3/jsonassert-1.5.3.jar:/Users/thuong/.m2/repository/com/vaadin/external/google/android-json/0.0.20131108.vaadin1/android-json-0.0.20131108.vaadin1.jar:/Users/thuong/.m2/repository/org/springframework/spring-core/6.2.3/spring-core-6.2.3.jar:/Users/thuong/.m2/repository/org/springframework/spring-jcl/6.2.3/spring-jcl-6.2.3.jar:/Users/thuong/.m2/repository/org/springframework/spring-test/6.2.3/spring-test-6.2.3.jar:/Users/thuong/.m2/repository/org/xmlunit/xmlunit-core/2.10.0/xmlunit-core-2.10.0.jar:/Users/thuong/.m2/repository/org/springframework/security/spring-security-test/6.4.3/spring-security-test-6.4.3.jar:/Users/thuong/.m2/repository/org/springframework/security/spring-security-core/6.4.3/spring-security-core-6.4.3.jar:/Users/thuong/.m2/repository/org/springframework/security/spring-security-crypto/6.4.3/spring-security-crypto-6.4.3.jar:/Users/thuong/.m2/repository/io/jsonwebtoken/jjwt-api/0.11.5/jjwt-api-0.11.5.jar:/Users/thuong/.m2/repository/io/jsonwebtoken/jjwt-impl/0.11.5/jjwt-impl-0.11.5.jar:/Users/thuong/.m2/repository/io/jsonwebtoken/jjwt-jackson/0.11.5/jjwt-jackson-0.11.5.jar:/Users/thuong/.m2/repository/com/fasterxml/jackson/core/jackson-databind/2.18.2/jackson-databind-2.18.2.jar:/Users/thuong/.m2/repository/com/fasterxml/jackson/core/jackson-annotations/2.18.2/jackson-annotations-2.18.2.jar:/Users/thuong/.m2/repository/com/fasterxml/jackson/core/jackson-core/2.18.2/jackson-core-2.18.2.jar:/Users/thuong/.m2/repository/org/springframework/boot/spring-boot-starter-oauth2-client/3.4.3/spring-boot-starter-oauth2-client-3.4.3.jar:/Users/thuong/.m2/repository/org/springframework/security/spring-security-oauth2-client/6.4.3/spring-security-oauth2-client-6.4.3.jar:/Users/thuong/.m2/repository/org/springframework/security/spring-security-oauth2-core/6.4.3/spring-security-oauth2-core-6.4.3.jar:/Users/thuong/.m2/repository/com/nimbusds/oauth2-oidc-sdk/9.43.6/oauth2-oidc-sdk-9.43.6.jar:/Users/thuong/.m2/repository/com/github/stephenc/jcip/jcip-annotations/1.0-1/jcip-annotations-1.0-1.jar:/Users/thuong/.m2/repository/com/nimbusds/content-type/2.2/content-type-2.2.jar:/Users/thuong/.m2/repository/com/nimbusds/lang-tag/1.7/lang-tag-1.7.jar:/Users/thuong/.m2/repository/org/springframework/security/spring-security-oauth2-jose/6.4.3/spring-security-oauth2-jose-6.4.3.jar:/Users/thuong/.m2/repository/com/nimbusds/nimbus-jose-jwt/9.37.3/nimbus-jose-jwt-9.37.3.jar:/Users/thuong/.m2/repository/org/springframework/boot/spring-boot-starter-oauth2-resource-server/3.4.3/spring-boot-starter-oauth2-resource-server-3.4.3.jar:/Users/thuong/.m2/repository/org/springframework/security/spring-security-oauth2-resource-server/6.4.3/spring-security-oauth2-resource-server-6.4.3.jar:/Users/thuong/.m2/repository/com/google/api-client/google-api-client/2.2.0/google-api-client-2.2.0.jar:/Users/thuong/.m2/repository/commons-codec/commons-codec/1.17.2/commons-codec-1.17.2.jar:/Users/thuong/.m2/repository/com/google/oauth-client/google-oauth-client/1.34.1/google-oauth-client-1.34.1.jar:/Users/thuong/.m2/repository/com/google/guava/guava/31.1-jre/guava-31.1-jre.jar:/Users/thuong/.m2/repository/com/google/guava/failureaccess/1.0.1/failureaccess-1.0.1.jar:/Users/thuong/.m2/repository/com/google/guava/listenablefuture/9999.0-empty-to-avoid-conflict-with-guava/listenablefuture-9999.0-empty-to-avoid-conflict-with-guava.jar:/Users/thuong/.m2/repository/com/google/code/findbugs/jsr305/3.0.2/jsr305-3.0.2.jar:/Users/thuong/.m2/repository/org/checkerframework/checker-qual/3.12.0/checker-qual-3.12.0.jar:/Users/thuong/.m2/repository/com/google/errorprone/error_prone_annotations/2.11.0/error_prone_annotations-2.11.0.jar:/Users/thuong/.m2/repository/com/google/j2objc/j2objc-annotations/1.3/j2objc-annotations-1.3.jar:/Users/thuong/.m2/repository/com/google/http-client/google-http-client-apache-v2/1.42.3/google-http-client-apache-v2-1.42.3.jar:/Users/thuong/.m2/repository/org/apache/httpcomponents/httpcore/4.4.16/httpcore-4.4.16.jar:/Users/thuong/.m2/repository/org/apache/httpcomponents/httpclient/4.5.14/httpclient-4.5.14.jar:/Users/thuong/.m2/repository/commons-logging/commons-logging/1.2/commons-logging-1.2.jar:/Users/thuong/.m2/repository/com/google/http-client/google-http-client/1.42.3/google-http-client-1.42.3.jar:/Users/thuong/.m2/repository/io/opencensus/opencensus-api/0.31.1/opencensus-api-0.31.1.jar:/Users/thuong/.m2/repository/io/grpc/grpc-context/1.27.2/grpc-context-1.27.2.jar:/Users/thuong/.m2/repository/io/opencensus/opencensus-contrib-http-util/0.31.1/opencensus-contrib-http-util-0.31.1.jar:/Users/thuong/.m2/repository/com/google/http-client/google-http-client-gson/1.41.0/google-http-client-gson-1.41.0.jar:/Users/thuong/.m2/repository/com/google/code/gson/gson/2.11.0/gson-2.11.0.jar:/Users/thuong/.m2/repository/io/lettuce/lettuce-core/6.5.0.RELEASE/lettuce-core-6.5.0.RELEASE.jar:/Users/thuong/.m2/repository/io/netty/netty-common/4.1.118.Final/netty-common-4.1.118.Final.jar:/Users/thuong/.m2/repository/io/netty/netty-handler/4.1.118.Final/netty-handler-4.1.118.Final.jar:/Users/thuong/.m2/repository/io/netty/netty-resolver/4.1.118.Final/netty-resolver-4.1.118.Final.jar:/Users/thuong/.m2/repository/io/netty/netty-buffer/4.1.118.Final/netty-buffer-4.1.118.Final.jar:/Users/thuong/.m2/repository/io/netty/netty-transport-native-unix-common/4.1.118.Final/netty-transport-native-unix-common-4.1.118.Final.jar:/Users/thuong/.m2/repository/io/netty/netty-codec/4.1.118.Final/netty-codec-4.1.118.Final.jar:/Users/thuong/.m2/repository/io/netty/netty-transport/4.1.118.Final/netty-transport-4.1.118.Final.jar:/Users/thuong/.m2/repository/io/projectreactor/reactor-core/3.7.3/reactor-core-3.7.3.jar:/Users/thuong/.m2/repository/org/reactivestreams/reactive-streams/1.0.4/reactive-streams-1.0.4.jar:/Users/thuong/.m2/repository/org/springframework/boot/spring-boot-starter-data-redis/3.4.3/spring-boot-starter-data-redis-3.4.3.jar:/Users/thuong/.m2/repository/org/springframework/data/spring-data-redis/3.4.3/spring-data-redis-3.4.3.jar:/Users/thuong/.m2/repository/org/springframework/data/spring-data-keyvalue/3.4.3/spring-data-keyvalue-3.4.3.jar:/Users/thuong/.m2/repository/org/springframework/spring-oxm/6.2.3/spring-oxm-6.2.3.jar:/Users/thuong/.m2/repository/org/springframework/boot/spring-boot-starter-mail/3.4.3/spring-boot-starter-mail-3.4.3.jar:/Users/thuong/.m2/repository/org/springframework/spring-context-support/6.2.3/spring-context-support-6.2.3.jar:/Users/thuong/.m2/repository/org/eclipse/angus/jakarta.mail/2.0.3/jakarta.mail-2.0.3.jar:/Users/thuong/.m2/repository/org/eclipse/angus/angus-activation/2.0.2/angus-activation-2.0.2.jar:/Users/thuong/.m2/repository/org/apache/commons/commons-csv/1.8/commons-csv-1.8.jar:/Users/thuong/.m2/repository/org/springframework/spring-context/6.2.1/spring-context-6.2.1.jar:/Users/thuong/.m2/repository/org/springframework/spring-beans/6.2.3/spring-beans-6.2.3.jar:/Users/thuong/.m2/repository/org/springframework/spring-expression/6.2.3/spring-expression-6.2.3.jar:/Users/thuong/.m2/repository/io/micrometer/micrometer-observation/1.14.4/micrometer-observation-1.14.4.jar:/Users/thuong/.m2/repository/io/micrometer/micrometer-commons/1.14.4/micrometer-commons-1.14.4.jar:"/>
    <property name="java.vm.vendor" value="Oracle Corporation"/>
    <property name="sun.arch.data.model" value="64"/>
    <property name="java.vendor.url" value="https://java.oracle.com/"/>
    <property name="user.timezone" value="Asia/Ho_Chi_Minh"/>
    <property name="org.jboss.logging.provider" value="slf4j"/>
    <property name="os.name" value="Mac OS X"/>
    <property name="java.vm.specification.version" value="21"/>
    <property name="APPLICATION_NAME" value="ecommerce"/>
    <property name="sun.java.launcher" value="SUN_STANDARD"/>
    <property name="user.country" value="VN"/>
    <property name="sun.boot.library.path" value="/Library/Java/JavaVirtualMachines/jdk-21.jdk/Contents/Home/lib"/>
    <property name="sun.java.command" value="/Users/thuong/Documents/NEW PROJECT/SolarTP/backend-java/target/surefire/surefirebooter-20250318123938865_3.jar /Users/thuong/Documents/NEW PROJECT/SolarTP/backend-java/target/surefire 2025-03-18T12-39-38_804-jvmRun1 surefire-20250318123938865_1tmp surefire_0-20250318123938865_2tmp"/>
    <property name="http.nonProxyHosts" value="local|*.local|169.254/16|*.169.254/16"/>
    <property name="jdk.debug" value="release"/>
    <property name="surefire.test.class.path" value="/Users/thuong/Documents/NEW PROJECT/SolarTP/backend-java/target/test-classes:/Users/thuong/Documents/NEW PROJECT/SolarTP/backend-java/target/classes:/Users/thuong/.m2/repository/org/springframework/boot/spring-boot-starter-data-jpa/3.4.3/spring-boot-starter-data-jpa-3.4.3.jar:/Users/thuong/.m2/repository/org/springframework/boot/spring-boot-starter/3.4.3/spring-boot-starter-3.4.3.jar:/Users/thuong/.m2/repository/org/springframework/boot/spring-boot/3.4.3/spring-boot-3.4.3.jar:/Users/thuong/.m2/repository/org/springframework/boot/spring-boot-autoconfigure/3.4.3/spring-boot-autoconfigure-3.4.3.jar:/Users/thuong/.m2/repository/org/springframework/boot/spring-boot-starter-logging/3.4.3/spring-boot-starter-logging-3.4.3.jar:/Users/thuong/.m2/repository/ch/qos/logback/logback-classic/1.5.16/logback-classic-1.5.16.jar:/Users/thuong/.m2/repository/ch/qos/logback/logback-core/1.5.16/logback-core-1.5.16.jar:/Users/thuong/.m2/repository/org/apache/logging/log4j/log4j-to-slf4j/2.24.3/log4j-to-slf4j-2.24.3.jar:/Users/thuong/.m2/repository/org/apache/logging/log4j/log4j-api/2.24.3/log4j-api-2.24.3.jar:/Users/thuong/.m2/repository/org/slf4j/jul-to-slf4j/2.0.16/jul-to-slf4j-2.0.16.jar:/Users/thuong/.m2/repository/jakarta/annotation/jakarta.annotation-api/2.1.1/jakarta.annotation-api-2.1.1.jar:/Users/thuong/.m2/repository/org/yaml/snakeyaml/2.3/snakeyaml-2.3.jar:/Users/thuong/.m2/repository/org/springframework/boot/spring-boot-starter-jdbc/3.4.3/spring-boot-starter-jdbc-3.4.3.jar:/Users/thuong/.m2/repository/com/zaxxer/HikariCP/5.1.0/HikariCP-5.1.0.jar:/Users/thuong/.m2/repository/org/springframework/spring-jdbc/6.2.3/spring-jdbc-6.2.3.jar:/Users/thuong/.m2/repository/org/hibernate/orm/hibernate-core/6.6.8.Final/hibernate-core-6.6.8.Final.jar:/Users/thuong/.m2/repository/jakarta/persistence/jakarta.persistence-api/3.1.0/jakarta.persistence-api-3.1.0.jar:/Users/thuong/.m2/repository/jakarta/transaction/jakarta.transaction-api/2.0.1/jakarta.transaction-api-2.0.1.jar:/Users/thuong/.m2/repository/org/jboss/logging/jboss-logging/3.6.1.Final/jboss-logging-3.6.1.Final.jar:/Users/thuong/.m2/repository/org/hibernate/common/hibernate-commons-annotations/7.0.3.Final/hibernate-commons-annotations-7.0.3.Final.jar:/Users/thuong/.m2/repository/io/smallrye/jandex/3.2.0/jandex-3.2.0.jar:/Users/thuong/.m2/repository/com/fasterxml/classmate/1.7.0/classmate-1.7.0.jar:/Users/thuong/.m2/repository/net/bytebuddy/byte-buddy/1.15.11/byte-buddy-1.15.11.jar:/Users/thuong/.m2/repository/org/glassfish/jaxb/jaxb-runtime/4.0.5/jaxb-runtime-4.0.5.jar:/Users/thuong/.m2/repository/org/glassfish/jaxb/jaxb-core/4.0.5/jaxb-core-4.0.5.jar:/Users/thuong/.m2/repository/org/glassfish/jaxb/txw2/4.0.5/txw2-4.0.5.jar:/Users/thuong/.m2/repository/com/sun/istack/istack-commons-runtime/4.1.2/istack-commons-runtime-4.1.2.jar:/Users/thuong/.m2/repository/jakarta/inject/jakarta.inject-api/2.0.1/jakarta.inject-api-2.0.1.jar:/Users/thuong/.m2/repository/org/antlr/antlr4-runtime/4.13.0/antlr4-runtime-4.13.0.jar:/Users/thuong/.m2/repository/org/springframework/data/spring-data-jpa/3.4.3/spring-data-jpa-3.4.3.jar:/Users/thuong/.m2/repository/org/springframework/data/spring-data-commons/3.4.3/spring-data-commons-3.4.3.jar:/Users/thuong/.m2/repository/org/springframework/spring-orm/6.2.3/spring-orm-6.2.3.jar:/Users/thuong/.m2/repository/org/springframework/spring-tx/6.2.3/spring-tx-6.2.3.jar:/Users/thuong/.m2/repository/org/slf4j/slf4j-api/2.0.16/slf4j-api-2.0.16.jar:/Users/thuong/.m2/repository/org/springframework/spring-aspects/6.2.3/spring-aspects-6.2.3.jar:/Users/thuong/.m2/repository/org/aspectj/aspectjweaver/1.9.22.1/aspectjweaver-1.9.22.1.jar:/Users/thuong/.m2/repository/org/springframework/boot/spring-boot-starter-security/3.4.3/spring-boot-starter-security-3.4.3.jar:/Users/thuong/.m2/repository/org/springframework/spring-aop/6.2.3/spring-aop-6.2.3.jar:/Users/thuong/.m2/repository/org/springframework/security/spring-security-config/6.4.3/spring-security-config-6.4.3.jar:/Users/thuong/.m2/repository/org/springframework/security/spring-security-web/6.4.3/spring-security-web-6.4.3.jar:/Users/thuong/.m2/repository/org/springframework/boot/spring-boot-starter-web/3.4.3/spring-boot-starter-web-3.4.3.jar:/Users/thuong/.m2/repository/org/springframework/boot/spring-boot-starter-json/3.4.3/spring-boot-starter-json-3.4.3.jar:/Users/thuong/.m2/repository/com/fasterxml/jackson/datatype/jackson-datatype-jdk8/2.18.2/jackson-datatype-jdk8-2.18.2.jar:/Users/thuong/.m2/repository/com/fasterxml/jackson/datatype/jackson-datatype-jsr310/2.18.2/jackson-datatype-jsr310-2.18.2.jar:/Users/thuong/.m2/repository/com/fasterxml/jackson/module/jackson-module-parameter-names/2.18.2/jackson-module-parameter-names-2.18.2.jar:/Users/thuong/.m2/repository/org/springframework/boot/spring-boot-starter-tomcat/3.4.3/spring-boot-starter-tomcat-3.4.3.jar:/Users/thuong/.m2/repository/org/apache/tomcat/embed/tomcat-embed-core/10.1.36/tomcat-embed-core-10.1.36.jar:/Users/thuong/.m2/repository/org/apache/tomcat/embed/tomcat-embed-el/10.1.36/tomcat-embed-el-10.1.36.jar:/Users/thuong/.m2/repository/org/apache/tomcat/embed/tomcat-embed-websocket/10.1.36/tomcat-embed-websocket-10.1.36.jar:/Users/thuong/.m2/repository/org/springframework/spring-web/6.2.3/spring-web-6.2.3.jar:/Users/thuong/.m2/repository/org/springframework/spring-webmvc/6.2.3/spring-webmvc-6.2.3.jar:/Users/thuong/.m2/repository/com/mysql/mysql-connector-j/9.1.0/mysql-connector-j-9.1.0.jar:/Users/thuong/.m2/repository/org/projectlombok/lombok/1.18.36/lombok-1.18.36.jar:/Users/thuong/.m2/repository/org/springframework/boot/spring-boot-starter-test/3.4.3/spring-boot-starter-test-3.4.3.jar:/Users/thuong/.m2/repository/org/springframework/boot/spring-boot-test/3.4.3/spring-boot-test-3.4.3.jar:/Users/thuong/.m2/repository/org/springframework/boot/spring-boot-test-autoconfigure/3.4.3/spring-boot-test-autoconfigure-3.4.3.jar:/Users/thuong/.m2/repository/com/jayway/jsonpath/json-path/2.9.0/json-path-2.9.0.jar:/Users/thuong/.m2/repository/jakarta/xml/bind/jakarta.xml.bind-api/4.0.2/jakarta.xml.bind-api-4.0.2.jar:/Users/thuong/.m2/repository/jakarta/activation/jakarta.activation-api/2.1.3/jakarta.activation-api-2.1.3.jar:/Users/thuong/.m2/repository/net/minidev/json-smart/2.5.2/json-smart-2.5.2.jar:/Users/thuong/.m2/repository/net/minidev/accessors-smart/2.5.2/accessors-smart-2.5.2.jar:/Users/thuong/.m2/repository/org/ow2/asm/asm/9.7.1/asm-9.7.1.jar:/Users/thuong/.m2/repository/org/assertj/assertj-core/3.26.3/assertj-core-3.26.3.jar:/Users/thuong/.m2/repository/org/awaitility/awaitility/4.2.2/awaitility-4.2.2.jar:/Users/thuong/.m2/repository/org/hamcrest/hamcrest/2.2/hamcrest-2.2.jar:/Users/thuong/.m2/repository/org/junit/jupiter/junit-jupiter/5.11.4/junit-jupiter-5.11.4.jar:/Users/thuong/.m2/repository/org/junit/jupiter/junit-jupiter-api/5.11.4/junit-jupiter-api-5.11.4.jar:/Users/thuong/.m2/repository/org/opentest4j/opentest4j/1.3.0/opentest4j-1.3.0.jar:/Users/thuong/.m2/repository/org/junit/platform/junit-platform-commons/1.11.4/junit-platform-commons-1.11.4.jar:/Users/thuong/.m2/repository/org/apiguardian/apiguardian-api/1.1.2/apiguardian-api-1.1.2.jar:/Users/thuong/.m2/repository/org/junit/jupiter/junit-jupiter-params/5.11.4/junit-jupiter-params-5.11.4.jar:/Users/thuong/.m2/repository/org/junit/jupiter/junit-jupiter-engine/5.11.4/junit-jupiter-engine-5.11.4.jar:/Users/thuong/.m2/repository/org/junit/platform/junit-platform-engine/1.11.4/junit-platform-engine-1.11.4.jar:/Users/thuong/.m2/repository/org/mockito/mockito-core/5.14.2/mockito-core-5.14.2.jar:/Users/thuong/.m2/repository/net/bytebuddy/byte-buddy-agent/1.15.11/byte-buddy-agent-1.15.11.jar:/Users/thuong/.m2/repository/org/objenesis/objenesis/3.3/objenesis-3.3.jar:/Users/thuong/.m2/repository/org/mockito/mockito-junit-jupiter/5.14.2/mockito-junit-jupiter-5.14.2.jar:/Users/thuong/.m2/repository/org/skyscreamer/jsonassert/1.5.3/jsonassert-1.5.3.jar:/Users/thuong/.m2/repository/com/vaadin/external/google/android-json/0.0.20131108.vaadin1/android-json-0.0.20131108.vaadin1.jar:/Users/thuong/.m2/repository/org/springframework/spring-core/6.2.3/spring-core-6.2.3.jar:/Users/thuong/.m2/repository/org/springframework/spring-jcl/6.2.3/spring-jcl-6.2.3.jar:/Users/thuong/.m2/repository/org/springframework/spring-test/6.2.3/spring-test-6.2.3.jar:/Users/thuong/.m2/repository/org/xmlunit/xmlunit-core/2.10.0/xmlunit-core-2.10.0.jar:/Users/thuong/.m2/repository/org/springframework/security/spring-security-test/6.4.3/spring-security-test-6.4.3.jar:/Users/thuong/.m2/repository/org/springframework/security/spring-security-core/6.4.3/spring-security-core-6.4.3.jar:/Users/thuong/.m2/repository/org/springframework/security/spring-security-crypto/6.4.3/spring-security-crypto-6.4.3.jar:/Users/thuong/.m2/repository/io/jsonwebtoken/jjwt-api/0.11.5/jjwt-api-0.11.5.jar:/Users/thuong/.m2/repository/io/jsonwebtoken/jjwt-impl/0.11.5/jjwt-impl-0.11.5.jar:/Users/thuong/.m2/repository/io/jsonwebtoken/jjwt-jackson/0.11.5/jjwt-jackson-0.11.5.jar:/Users/thuong/.m2/repository/com/fasterxml/jackson/core/jackson-databind/2.18.2/jackson-databind-2.18.2.jar:/Users/thuong/.m2/repository/com/fasterxml/jackson/core/jackson-annotations/2.18.2/jackson-annotations-2.18.2.jar:/Users/thuong/.m2/repository/com/fasterxml/jackson/core/jackson-core/2.18.2/jackson-core-2.18.2.jar:/Users/thuong/.m2/repository/org/springframework/boot/spring-boot-starter-oauth2-client/3.4.3/spring-boot-starter-oauth2-client-3.4.3.jar:/Users/thuong/.m2/repository/org/springframework/security/spring-security-oauth2-client/6.4.3/spring-security-oauth2-client-6.4.3.jar:/Users/thuong/.m2/repository/org/springframework/security/spring-security-oauth2-core/6.4.3/spring-security-oauth2-core-6.4.3.jar:/Users/thuong/.m2/repository/com/nimbusds/oauth2-oidc-sdk/9.43.6/oauth2-oidc-sdk-9.43.6.jar:/Users/thuong/.m2/repository/com/github/stephenc/jcip/jcip-annotations/1.0-1/jcip-annotations-1.0-1.jar:/Users/thuong/.m2/repository/com/nimbusds/content-type/2.2/content-type-2.2.jar:/Users/thuong/.m2/repository/com/nimbusds/lang-tag/1.7/lang-tag-1.7.jar:/Users/thuong/.m2/repository/org/springframework/security/spring-security-oauth2-jose/6.4.3/spring-security-oauth2-jose-6.4.3.jar:/Users/thuong/.m2/repository/com/nimbusds/nimbus-jose-jwt/9.37.3/nimbus-jose-jwt-9.37.3.jar:/Users/thuong/.m2/repository/org/springframework/boot/spring-boot-starter-oauth2-resource-server/3.4.3/spring-boot-starter-oauth2-resource-server-3.4.3.jar:/Users/thuong/.m2/repository/org/springframework/security/spring-security-oauth2-resource-server/6.4.3/spring-security-oauth2-resource-server-6.4.3.jar:/Users/thuong/.m2/repository/com/google/api-client/google-api-client/2.2.0/google-api-client-2.2.0.jar:/Users/thuong/.m2/repository/commons-codec/commons-codec/1.17.2/commons-codec-1.17.2.jar:/Users/thuong/.m2/repository/com/google/oauth-client/google-oauth-client/1.34.1/google-oauth-client-1.34.1.jar:/Users/thuong/.m2/repository/com/google/guava/guava/31.1-jre/guava-31.1-jre.jar:/Users/thuong/.m2/repository/com/google/guava/failureaccess/1.0.1/failureaccess-1.0.1.jar:/Users/thuong/.m2/repository/com/google/guava/listenablefuture/9999.0-empty-to-avoid-conflict-with-guava/listenablefuture-9999.0-empty-to-avoid-conflict-with-guava.jar:/Users/thuong/.m2/repository/com/google/code/findbugs/jsr305/3.0.2/jsr305-3.0.2.jar:/Users/thuong/.m2/repository/org/checkerframework/checker-qual/3.12.0/checker-qual-3.12.0.jar:/Users/thuong/.m2/repository/com/google/errorprone/error_prone_annotations/2.11.0/error_prone_annotations-2.11.0.jar:/Users/thuong/.m2/repository/com/google/j2objc/j2objc-annotations/1.3/j2objc-annotations-1.3.jar:/Users/thuong/.m2/repository/com/google/http-client/google-http-client-apache-v2/1.42.3/google-http-client-apache-v2-1.42.3.jar:/Users/thuong/.m2/repository/org/apache/httpcomponents/httpcore/4.4.16/httpcore-4.4.16.jar:/Users/thuong/.m2/repository/org/apache/httpcomponents/httpclient/4.5.14/httpclient-4.5.14.jar:/Users/thuong/.m2/repository/commons-logging/commons-logging/1.2/commons-logging-1.2.jar:/Users/thuong/.m2/repository/com/google/http-client/google-http-client/1.42.3/google-http-client-1.42.3.jar:/Users/thuong/.m2/repository/io/opencensus/opencensus-api/0.31.1/opencensus-api-0.31.1.jar:/Users/thuong/.m2/repository/io/grpc/grpc-context/1.27.2/grpc-context-1.27.2.jar:/Users/thuong/.m2/repository/io/opencensus/opencensus-contrib-http-util/0.31.1/opencensus-contrib-http-util-0.31.1.jar:/Users/thuong/.m2/repository/com/google/http-client/google-http-client-gson/1.41.0/google-http-client-gson-1.41.0.jar:/Users/thuong/.m2/repository/com/google/code/gson/gson/2.11.0/gson-2.11.0.jar:/Users/thuong/.m2/repository/io/lettuce/lettuce-core/6.5.0.RELEASE/lettuce-core-6.5.0.RELEASE.jar:/Users/thuong/.m2/repository/io/netty/netty-common/4.1.118.Final/netty-common-4.1.118.Final.jar:/Users/thuong/.m2/repository/io/netty/netty-handler/4.1.118.Final/netty-handler-4.1.118.Final.jar:/Users/thuong/.m2/repository/io/netty/netty-resolver/4.1.118.Final/netty-resolver-4.1.118.Final.jar:/Users/thuong/.m2/repository/io/netty/netty-buffer/4.1.118.Final/netty-buffer-4.1.118.Final.jar:/Users/thuong/.m2/repository/io/netty/netty-transport-native-unix-common/4.1.118.Final/netty-transport-native-unix-common-4.1.118.Final.jar:/Users/thuong/.m2/repository/io/netty/netty-codec/4.1.118.Final/netty-codec-4.1.118.Final.jar:/Users/thuong/.m2/repository/io/netty/netty-transport/4.1.118.Final/netty-transport-4.1.118.Final.jar:/Users/thuong/.m2/repository/io/projectreactor/reactor-core/3.7.3/reactor-core-3.7.3.jar:/Users/thuong/.m2/repository/org/reactivestreams/reactive-streams/1.0.4/reactive-streams-1.0.4.jar:/Users/thuong/.m2/repository/org/springframework/boot/spring-boot-starter-data-redis/3.4.3/spring-boot-starter-data-redis-3.4.3.jar:/Users/thuong/.m2/repository/org/springframework/data/spring-data-redis/3.4.3/spring-data-redis-3.4.3.jar:/Users/thuong/.m2/repository/org/springframework/data/spring-data-keyvalue/3.4.3/spring-data-keyvalue-3.4.3.jar:/Users/thuong/.m2/repository/org/springframework/spring-oxm/6.2.3/spring-oxm-6.2.3.jar:/Users/thuong/.m2/repository/org/springframework/boot/spring-boot-starter-mail/3.4.3/spring-boot-starter-mail-3.4.3.jar:/Users/thuong/.m2/repository/org/springframework/spring-context-support/6.2.3/spring-context-support-6.2.3.jar:/Users/thuong/.m2/repository/org/eclipse/angus/jakarta.mail/2.0.3/jakarta.mail-2.0.3.jar:/Users/thuong/.m2/repository/org/eclipse/angus/angus-activation/2.0.2/angus-activation-2.0.2.jar:/Users/thuong/.m2/repository/org/apache/commons/commons-csv/1.8/commons-csv-1.8.jar:/Users/thuong/.m2/repository/org/springframework/spring-context/6.2.1/spring-context-6.2.1.jar:/Users/thuong/.m2/repository/org/springframework/spring-beans/6.2.3/spring-beans-6.2.3.jar:/Users/thuong/.m2/repository/org/springframework/spring-expression/6.2.3/spring-expression-6.2.3.jar:/Users/thuong/.m2/repository/io/micrometer/micrometer-observation/1.14.4/micrometer-observation-1.14.4.jar:/Users/thuong/.m2/repository/io/micrometer/micrometer-commons/1.14.4/micrometer-commons-1.14.4.jar:"/>
    <property name="sun.cpu.endian" value="little"/>
    <property name="user.home" value="/Users/thuong"/>
    <property name="user.language" value="en"/>
    <property name="java.specification.vendor" value="Oracle Corporation"/>
    <property name="java.version.date" value="2024-04-16"/>
    <property name="java.home" value="/Library/Java/JavaVirtualMachines/jdk-21.jdk/Contents/Home"/>
    <property name="file.separator" value="/"/>
    <property name="basedir" value="/Users/thuong/Documents/NEW PROJECT/SolarTP/backend-java"/>
    <property name="java.vm.compressedOopsMode" value="Zero based"/>
    <property name="line.separator" value="&#10;"/>
    <property name="java.vm.specification.vendor" value="Oracle Corporation"/>
    <property name="java.specification.name" value="Java Platform API Specification"/>
    <property name="FILE_LOG_CHARSET" value="UTF-8"/>
    <property name="java.awt.headless" value="true"/>
    <property name="apple.awt.application.name" value="ForkedBooter"/>
    <property name="surefire.real.class.path" value="/Users/thuong/Documents/NEW PROJECT/SolarTP/backend-java/target/surefire/surefirebooter-20250318123938865_3.jar"/>
    <property name="sun.management.compiler" value="HotSpot 64-Bit Tiered Compilers"/>
    <property name="ftp.nonProxyHosts" value="local|*.local|169.254/16|*.169.254/16"/>
    <property name="java.runtime.version" value="21.0.3+7-LTS-152"/>
    <property name="user.name" value="thuong"/>
    <property name="stdout.encoding" value="UTF-8"/>
    <property name="path.separator" value=":"/>
    <property name="os.version" value="15.3.2"/>
    <property name="java.runtime.name" value="Java(TM) SE Runtime Environment"/>
    <property name="file.encoding" value="UTF-8"/>
    <property name="java.vm.name" value="Java HotSpot(TM) 64-Bit Server VM"/>
    <property name="localRepository" value="/Users/thuong/.m2/repository"/>
    <property name="java.vendor.url.bug" value="https://bugreport.java.com/bugreport/"/>
    <property name="java.io.tmpdir" value="/var/folders/35/zw8y2yt97z34w6j749hb2gqc0000gn/T/"/>
    <property name="idea.version" value="2023.3.4"/>
    <property name="com.zaxxer.hikari.pool_number" value="1"/>
    <property name="java.version" value="21.0.3"/>
    <property name="user.dir" value="/Users/thuong/Documents/NEW PROJECT/SolarTP/backend-java"/>
    <property name="os.arch" value="aarch64"/>
    <property name="java.vm.specification.name" value="Java Virtual Machine Specification"/>
    <property name="PID" value="36899"/>
    <property name="CONSOLE_LOG_CHARSET" value="UTF-8"/>
    <property name="native.encoding" value="UTF-8"/>
    <property name="java.library.path" value="/Users/thuong/Library/Java/Extensions:/Library/Java/Extensions:/Network/Library/Java/Extensions:/System/Library/Java/Extensions:/usr/lib/java:."/>
    <property name="java.vm.info" value="mixed mode, sharing"/>
    <property name="stderr.encoding" value="UTF-8"/>
    <property name="java.vendor" value="Oracle Corporation"/>
    <property name="java.vm.version" value="21.0.3+7-LTS-152"/>
    <property name="sun.io.unicode.encoding" value="UnicodeBig"/>
    <property name="socksNonProxyHosts" value="local|*.local|169.254/16|*.169.254/16"/>
    <property name="java.class.version" value="65.0"/>
    <property name="LOGGED_APPLICATION_NAME" value="[ecommerce] "/>
  </properties>
  <testcase name="contextLoads" classname="ecommerce.project.EcommerceApplicationTests" time="0.421">
    <system-out><![CDATA[12:39:39.311 [main] INFO org.springframework.test.context.support.AnnotationConfigContextLoaderUtils -- Could not detect default configuration classes for test class [ecommerce.project.EcommerceApplicationTests]: EcommerceApplicationTests does not declare any static, non-private, non-final, nested classes annotated with @Configuration.
12:39:39.372 [main] INFO org.springframework.boot.test.context.SpringBootTestContextBootstrapper -- Found @SpringBootConfiguration ecommerce.project.EcommerceApplication for test class ecommerce.project.EcommerceApplicationTests

  .   ____          _            __ _ _
 /\\ / ___'_ __ _ _(_)_ __  __ _ \ \ \ \
( ( )\___ | '_ | '_| | '_ \/ _` | \ \ \ \
 \\/  ___)| |_)| | | | | || (_| |  ) ) ) )
  '  |____| .__|_| |_|_| |_\__, | / / / /
 =========|_|==============|___/=/_/_/_/

 :: Spring Boot ::                (v3.4.3)

2025-03-18T12:39:39.577+07:00  INFO 36899 --- [ecommerce] [           main] e.project.EcommerceApplicationTests      : Starting EcommerceApplicationTests using Java 21.0.3 with PID 36899 (started by thuong in /Users/thuong/Documents/NEW PROJECT/SolarTP/backend-java)
2025-03-18T12:39:39.577+07:00  INFO 36899 --- [ecommerce] [           main] e.project.EcommerceApplicationTests      : No active profile set, falling back to 1 default profile: "default"
2025-03-18T12:39:39.971+07:00  INFO 36899 --- [ecommerce] [           main] .s.d.r.c.RepositoryConfigurationDelegate : Multiple Spring Data modules found, entering strict repository configuration mode
2025-03-18T12:39:39.972+07:00  INFO 36899 --- [ecommerce] [           main] .s.d.r.c.RepositoryConfigurationDelegate : Bootstrapping Spring Data JPA repositories in DEFAULT mode.
2025-03-18T12:39:40.077+07:00  INFO 36899 --- [ecommerce] [           main] .s.d.r.c.RepositoryConfigurationDelegate : Finished Spring Data repository scanning in 99 ms. Found 13 JPA repository interfaces.
2025-03-18T12:39:40.089+07:00  INFO 36899 --- [ecommerce] [           main] .s.d.r.c.RepositoryConfigurationDelegate : Multiple Spring Data modules found, entering strict repository configuration mode
2025-03-18T12:39:40.089+07:00  INFO 36899 --- [ecommerce] [           main] .s.d.r.c.RepositoryConfigurationDelegate : Bootstrapping Spring Data Redis repositories in DEFAULT mode.
2025-03-18T12:39:40.100+07:00  INFO 36899 --- [ecommerce] [           main] .RepositoryConfigurationExtensionSupport : Spring Data Redis - Could not safely identify store assignment for repository candidate interface ecommerce.project.repository.ArticleRepository; If you want this repository to be a Redis repository, consider annotating your entities with one of these annotations: org.springframework.data.redis.core.RedisHash (preferred), or consider extending one of the following types with your repository: org.springframework.data.keyvalue.repository.KeyValueRepository
2025-03-18T12:39:40.100+07:00  INFO 36899 --- [ecommerce] [           main] .RepositoryConfigurationExtensionSupport : Spring Data Redis - Could not safely identify store assignment for repository candidate interface ecommerce.project.repository.CartDetailRepository; If you want this repository to be a Redis repository, consider annotating your entities with one of these annotations: org.springframework.data.redis.core.RedisHash (preferred), or consider extending one of the following types with your repository: org.springframework.data.keyvalue.repository.KeyValueRepository
2025-03-18T12:39:40.100+07:00  INFO 36899 --- [ecommerce] [           main] .RepositoryConfigurationExtensionSupport : Spring Data Redis - Could not safely identify store assignment for repository candidate interface ecommerce.project.repository.CartRepository; If you want this repository to be a Redis repository, consider annotating your entities with one of these annotations: org.springframework.data.redis.core.RedisHash (preferred), or consider extending one of the following types with your repository: org.springframework.data.keyvalue.repository.KeyValueRepository
2025-03-18T12:39:40.100+07:00  INFO 36899 --- [ecommerce] [           main] .RepositoryConfigurationExtensionSupport : Spring Data Redis - Could not safely identify store assignment for repository candidate interface ecommerce.project.repository.ImageRepository; If you want this repository to be a Redis repository, consider annotating your entities with one of these annotations: org.springframework.data.redis.core.RedisHash (preferred), or consider extending one of the following types with your repository: org.springframework.data.keyvalue.repository.KeyValueRepository
2025-03-18T12:39:40.101+07:00  INFO 36899 --- [ecommerce] [           main] .RepositoryConfigurationExtensionSupport : Spring Data Redis - Could not safely identify store assignment for repository candidate interface ecommerce.project.repository.OrderDetailRepository; If you want this repository to be a Redis repository, consider annotating your entities with one of these annotations: org.springframework.data.redis.core.RedisHash (preferred), or consider extending one of the following types with your repository: org.springframework.data.keyvalue.repository.KeyValueRepository
2025-03-18T12:39:40.101+07:00  INFO 36899 --- [ecommerce] [           main] .RepositoryConfigurationExtensionSupport : Spring Data Redis - Could not safely identify store assignment for repository candidate interface ecommerce.project.repository.OrderRepository; If you want this repository to be a Redis repository, consider annotating your entities with one of these annotations: org.springframework.data.redis.core.RedisHash (preferred), or consider extending one of the following types with your repository: org.springframework.data.keyvalue.repository.KeyValueRepository
2025-03-18T12:39:40.101+07:00  INFO 36899 --- [ecommerce] [           main] .RepositoryConfigurationExtensionSupport : Spring Data Redis - Could not safely identify store assignment for repository candidate interface ecommerce.project.repository.OrderStatusHistoryRepository; If you want this repository to be a Redis repository, consider annotating your entities with one of these annotations: org.springframework.data.redis.core.RedisHash (preferred), or consider extending one of the following types with your repository: org.springframework.data.keyvalue.repository.KeyValueRepository
2025-03-18T12:39:40.101+07:00  INFO 36899 --- [ecommerce] [           main] .RepositoryConfigurationExtensionSupport : Spring Data Redis - Could not safely identify store assignment for repository candidate interface ecommerce.project.repository.ProductDetailRepository; If you want this repository to be a Redis repository, consider annotating your entities with one of these annotations: org.springframework.data.redis.core.RedisHash (preferred), or consider extending one of the following types with your repository: org.springframework.data.keyvalue.repository.KeyValueRepository
2025-03-18T12:39:40.101+07:00  INFO 36899 --- [ecommerce] [           main] .RepositoryConfigurationExtensionSupport : Spring Data Redis - Could not safely identify store assignment for repository candidate interface ecommerce.project.repository.ProductRepository; If you want this repository to be a Redis repository, consider annotating your entities with one of these annotations: org.springframework.data.redis.core.RedisHash (preferred), or consider extending one of the following types with your repository: org.springframework.data.keyvalue.repository.KeyValueRepository
2025-03-18T12:39:40.101+07:00  INFO 36899 --- [ecommerce] [           main] .RepositoryConfigurationExtensionSupport : Spring Data Redis - Could not safely identify store assignment for repository candidate interface ecommerce.project.repository.RoleRepository; If you want this repository to be a Redis repository, consider annotating your entities with one of these annotations: org.springframework.data.redis.core.RedisHash (preferred), or consider extending one of the following types with your repository: org.springframework.data.keyvalue.repository.KeyValueRepository
2025-03-18T12:39:40.102+07:00  INFO 36899 --- [ecommerce] [           main] .RepositoryConfigurationExtensionSupport : Spring Data Redis - Could not safely identify store assignment for repository candidate interface ecommerce.project.repository.UserInfoRepository; If you want this repository to be a Redis repository, consider annotating your entities with one of these annotations: org.springframework.data.redis.core.RedisHash (preferred), or consider extending one of the following types with your repository: org.springframework.data.keyvalue.repository.KeyValueRepository
2025-03-18T12:39:40.102+07:00  INFO 36899 --- [ecommerce] [           main] .RepositoryConfigurationExtensionSupport : Spring Data Redis - Could not safely identify store assignment for repository candidate interface ecommerce.project.repository.UserRepository; If you want this repository to be a Redis repository, consider annotating your entities with one of these annotations: org.springframework.data.redis.core.RedisHash (preferred), or consider extending one of the following types with your repository: org.springframework.data.keyvalue.repository.KeyValueRepository
2025-03-18T12:39:40.102+07:00  INFO 36899 --- [ecommerce] [           main] .RepositoryConfigurationExtensionSupport : Spring Data Redis - Could not safely identify store assignment for repository candidate interface ecommerce.project.repository.VariantRepository; If you want this repository to be a Redis repository, consider annotating your entities with one of these annotations: org.springframework.data.redis.core.RedisHash (preferred), or consider extending one of the following types with your repository: org.springframework.data.keyvalue.repository.KeyValueRepository
2025-03-18T12:39:40.102+07:00  INFO 36899 --- [ecommerce] [           main] .s.d.r.c.RepositoryConfigurationDelegate : Finished Spring Data repository scanning in 7 ms. Found 0 Redis repository interfaces.
2025-03-18T12:39:40.398+07:00  INFO 36899 --- [ecommerce] [           main] o.hibernate.jpa.internal.util.LogHelper  : HHH000204: Processing PersistenceUnitInfo [name: default]
2025-03-18T12:39:40.427+07:00  INFO 36899 --- [ecommerce] [           main] org.hibernate.Version                    : HHH000412: Hibernate ORM core version 6.6.8.Final
2025-03-18T12:39:40.450+07:00  INFO 36899 --- [ecommerce] [           main] o.h.c.internal.RegionFactoryInitiator    : HHH000026: Second-level cache disabled
2025-03-18T12:39:40.598+07:00  INFO 36899 --- [ecommerce] [           main] o.s.o.j.p.SpringPersistenceUnitInfo      : No LoadTimeWeaver setup: ignoring JPA class transformer
2025-03-18T12:39:40.613+07:00  INFO 36899 --- [ecommerce] [           main] com.zaxxer.hikari.HikariDataSource       : HikariPool-1 - Starting...
2025-03-18T12:39:40.841+07:00  INFO 36899 --- [ecommerce] [           main] com.zaxxer.hikari.pool.HikariPool        : HikariPool-1 - Added connection com.mysql.cj.jdbc.ConnectionImpl@47eae91d
2025-03-18T12:39:40.842+07:00  INFO 36899 --- [ecommerce] [           main] com.zaxxer.hikari.HikariDataSource       : HikariPool-1 - Start completed.
2025-03-18T12:39:40.877+07:00  WARN 36899 --- [ecommerce] [           main] org.hibernate.orm.deprecation            : HHH90000025: MySQLDialect does not need to be specified explicitly using 'hibernate.dialect' (remove the property setting and it will be selected by default)
2025-03-18T12:39:40.887+07:00  INFO 36899 --- [ecommerce] [           main] org.hibernate.orm.connections.pooling    : HHH10001005: Database info:
	Database JDBC URL [Connecting through datasource 'HikariDataSource (HikariPool-1)']
	Database driver: undefined/unknown
	Database version: 9.1
	Autocommit mode: undefined/unknown
	Isolation level: undefined/unknown
	Minimum pool size: undefined/unknown
	Maximum pool size: undefined/unknown
2025-03-18T12:39:41.570+07:00  INFO 36899 --- [ecommerce] [           main] o.h.e.t.j.p.i.JtaPlatformInitiator       : HHH000489: No JTA platform available (set 'hibernate.transaction.jta.platform' to enable JTA platform integration)
2025-03-18T12:39:41.572+07:00  INFO 36899 --- [ecommerce] [           main] j.LocalContainerEntityManagerFactoryBean : Initialized JPA EntityManagerFactory for persistence unit 'default'
2025-03-18T12:39:41.898+07:00  INFO 36899 --- [ecommerce] [           main] o.s.d.j.r.query.QueryEnhancerFactory     : Hibernate is in classpath; If applicable, HQL parser will be used.
nullOAuth2LoginSuccessHandler
2025-03-18T12:39:42.279+07:00  WARN 36899 --- [ecommerce] [           main] JpaBaseConfiguration$JpaWebConfiguration : spring.jpa.open-in-view is enabled by default. Therefore, database queries may be performed during view rendering. Explicitly configure spring.jpa.open-in-view to disable this warning
nullOAuth2LoginSuccessHandler
2025-03-18T12:39:43.054+07:00  INFO 36899 --- [ecommerce] [           main] e.project.EcommerceApplicationTests      : Started EcommerceApplicationTests in 3.606 seconds (process running for 4.115)
]]></system-out>
    <system-err><![CDATA[Mockito is currently self-attaching to enable the inline-mock-maker. This will no longer work in future releases of the JDK. Please add Mockito as an agent to your build what is described in Mockito's documentation: https://javadoc.io/doc/org.mockito/mockito-core/latest/org/mockito/Mockito.html#0.3
WARNING: A Java agent has been loaded dynamically (/Users/thuong/.m2/repository/net/bytebuddy/byte-buddy-agent/1.15.11/byte-buddy-agent-1.15.11.jar)
WARNING: If a serviceability tool is in use, please run with -XX:+EnableDynamicAgentLoading to hide this warning
WARNING: If a serviceability tool is not in use, please run with -Djdk.instrument.traceUsage for more information
WARNING: Dynamic loading of agents will be disallowed by default in a future release
]]></system-err>
  </testcase>
</testsuite>